C:\USERS\BGUSSIAAS\DOCUMENTS\VISUAL STUDIO 2012\PROJECTS\CTPDLL\CONSOLEAPPLICATION5\DEBUG\CTPDLL.PCH
C:\USERS\BGUSSIAAS\DOCUMENTS\VISUAL STUDIO 2012\PROJECTS\CTPDLL\CONSOLEAPPLICATION5\DEBUG\STDAFX.OBJ
C:\USERS\BGUSSIAAS\DOCUMENTS\VISUAL STUDIO 2012\PROJECTS\CTPDLL\CONSOLEAPPLICATION5\DEBUG\VC110.PDB
C:\USERS\BGUSSIAAS\DOCUMENTS\VISUAL STUDIO 2012\PROJECTS\CTPDLL\CONSOLEAPPLICATION5\DEBUG\CONSOLEAPPLICATION5.OBJ
C:\USERS\BGUSSIAAS\DOCUMENTS\VISUAL STUDIO 2012\PROJECTS\CTPDLL\CONSOLEAPPLICATION5\DEBUG\CTP.OBJ
C:\USERS\BGUSSIAAS\DOCUMENTS\VISUAL STUDIO 2012\PROJECTS\CTPDLL\CONSOLEAPPLICATION5\DEBUG\QUOTATIONEVENTHANDLER.OBJ
C:\USERS\BGUSSIAAS\DOCUMENTS\VISUAL STUDIO 2012\PROJECTS\CTPDLL\CONSOLEAPPLICATION5\DEBUG\TRADEREVENTHANDLER.OBJ
C:\USERS\BGUSSIAAS\DOCUMENTS\VISUAL STUDIO 2012\PROJECTS\CTPDLL\CONSOLEAPPLICATION5\DEBUG\DLLMAIN.OBJ
C:\Users\bgussiaas\Documents\Visual Studio 2012\Projects\CTPDLL\Debug\CTPDLL.lib
C:\Users\bgussiaas\Documents\Visual Studio 2012\Projects\CTPDLL\Debug\CTPDLL.exp
C:\USERS\BGUSSIAAS\DOCUMENTS\VISUAL STUDIO 2012\PROJECTS\CTPDLL\DEBUG\CTPDLL.ILK
C:\USERS\BGUSSIAAS\DOCUMENTS\VISUAL STUDIO 2012\PROJECTS\CTPDLL\DEBUG\CTPDLL.DLL
C:\USERS\BGUSSIAAS\DOCUMENTS\VISUAL STUDIO 2012\PROJECTS\CTPDLL\DEBUG\CTPDLL.PDB
C:\Users\bgussiaas\Documents\Visual Studio 2012\Projects\CTPDLL\ConsoleApplication5\Debug\ConsoleApplication5.obj
C:\Users\bgussiaas\Documents\Visual Studio 2012\Projects\CTPDLL\ConsoleApplication5\Debug\CTP.obj
C:\Users\bgussiaas\Documents\Visual Studio 2012\Projects\CTPDLL\ConsoleApplication5\Debug\dllmain.obj
C:\Users\bgussiaas\Documents\Visual Studio 2012\Projects\CTPDLL\ConsoleApplication5\Debug\quotationeventhandler.obj
C:\Users\bgussiaas\Documents\Visual Studio 2012\Projects\CTPDLL\ConsoleApplication5\Debug\stdafx.obj
C:\Users\bgussiaas\Documents\Visual Studio 2012\Projects\CTPDLL\ConsoleApplication5\Debug\TraderEventHandler.obj
C:\Users\bgussiaas\Documents\Visual Studio 2012\Projects\CTPDLL\ConsoleApplication5\Debug\cl.command.1.tlog
C:\Users\bgussiaas\Documents\Visual Studio 2012\Projects\CTPDLL\ConsoleApplication5\Debug\CL.read.1.tlog
C:\Users\bgussiaas\Documents\Visual Studio 2012\Projects\CTPDLL\ConsoleApplication5\Debug\CL.write.1.tlog
C:\Users\bgussiaas\Documents\Visual Studio 2012\Projects\CTPDLL\ConsoleApplication5\Debug\CTPDLL.write.1.tlog
C:\Users\bgussiaas\Documents\Visual Studio 2012\Projects\CTPDLL\ConsoleApplication5\Debug\link-cvtres.read.1.tlog
C:\Users\bgussiaas\Documents\Visual Studio 2012\Projects\CTPDLL\ConsoleApplication5\Debug\link-cvtres.write.1.tlog
C:\Users\bgussiaas\Documents\Visual Studio 2012\Projects\CTPDLL\ConsoleApplication5\Debug\link-rc.read.1.tlog
C:\Users\bgussiaas\Documents\Visual Studio 2012\Projects\CTPDLL\ConsoleApplication5\Debug\link-rc.write.1.tlog
C:\Users\bgussiaas\Documents\Visual Studio 2012\Projects\CTPDLL\ConsoleApplication5\Debug\link.command.1.tlog
C:\Users\bgussiaas\Documents\Visual Studio 2012\Projects\CTPDLL\ConsoleApplication5\Debug\link.read.1.tlog
C:\Users\bgussiaas\Documents\Visual Studio 2012\Projects\CTPDLL\ConsoleApplication5\Debug\link.write.1.tlog
C:\Users\bgussiaas\Documents\Visual Studio 2012\Projects\CTPDLL\ConsoleApplication5\Debug\CTPDLL.pch
C:\Users\bgussiaas\Documents\Visual Studio 2012\Projects\CTPDLL\ConsoleApplication5\Debug\vc110.idb
C:\Users\bgussiaas\Documents\Visual Studio 2012\Projects\CTPDLL\ConsoleApplication5\Debug\vc110.pdb
C:\Users\bgussiaas\Documents\Visual Studio 2012\Projects\CTPDLL\Debug\CTPDLL.pdb
C:\Users\bgussiaas\Documents\Visual Studio 2012\Projects\CTPDLL\Debug\CTPDLL.dll
C:\Users\bgussiaas\Documents\Visual Studio 2012\Projects\CTPDLL\Debug\CTPDLL.ilk
